#
# There is insufficient memory for the Java Runtime Environment to continue.
# Native memory allocation (malloc) failed to allocate 295936 bytes for Chunk::new
# Possible reasons:
#   The system is out of physical RAM or swap space
#   In 32 bit mode, the process size limit was hit
# Possible solutions:
#   Reduce memory load on the system
#   Increase physical memory or swap space
#   Check if swap backing store is full
#   Use 64 bit Java on a 64 bit OS
#   Decrease Java heap size (-Xmx/-Xms)
#   Decrease number of Java threads
#   Decrease Java thread stack sizes (-Xss)
#   Set larger code cache with -XX:ReservedCodeCacheSize=
# This output file may be truncated or incomplete.
#
#  Out of Memory Error (allocation.cpp:390), pid=18024, tid=0x00000000000017b4
#
# JRE version: Java(TM) SE Runtime Environment (8.0_181-b13) (build 1.8.0_181-b13)
# Java VM: Java HotSpot(TM) 64-Bit Server VM (25.181-b13 mixed mode windows-amd64 compressed oops)
# Failed to write core dump. Minidumps are not enabled by default on client versions of Windows
#

---------------  T H R E A D  ---------------

Current thread (0x000000001623f000):  JavaThread "C2 CompilerThread1" daemon [_thread_in_native, id=6068, stack(0x00000000179e0000,0x0000000017ae0000)]

Stack: [0x00000000179e0000,0x0000000017ae0000]
[error occurred during error reporting (printing stack bounds), id 0xc0000005]

Native frames: (J=compiled Java code, j=interpreted, Vv=VM code, C=native code)


Current CompileTask:
C2:   3354  683       4       java.awt.datatransfer.MimeTypeParameterList::parse (451 bytes)


---------------  P R O C E S S  ---------------

Java Threads: ( => current thread )
  0x0000000018466000 JavaThread "TimerQueue" daemon [_thread_blocked, id=12608, stack(0x000000001ac80000,0x000000001ad80000)]
  0x00000000028c2800 JavaThread "DestroyJavaVM" [_thread_blocked, id=17040, stack(0x0000000002760000,0x0000000002860000)]
  0x0000000017fc5800 JavaThread "AWT-EventQueue-0" [_thread_blocked, id=8148, stack(0x0000000019050000,0x0000000019150000)]
  0x0000000017fc4000 JavaThread "AWT-Windows" daemon [_thread_in_native, id=13748, stack(0x0000000018d50000,0x0000000018e50000)]
  0x0000000017fc3800 JavaThread "AWT-Shutdown" [_thread_blocked, id=8736, stack(0x0000000018c50000,0x0000000018d50000)]
  0x0000000017fc2800 JavaThread "Java2D Disposer" daemon [_thread_blocked, id=11956, stack(0x0000000018b50000,0x0000000018c50000)]
  0x000000001629e000 JavaThread "Service Thread" daemon [_thread_blocked, id=7680, stack(0x0000000017fe0000,0x00000000180e0000)]
  0x0000000016255000 JavaThread "C1 CompilerThread2" daemon [_thread_in_native, id=1116, stack(0x0000000017ae0000,0x0000000017be0000)]
=>0x000000001623f000 JavaThread "C2 CompilerThread1" daemon [_thread_in_native, id=6068, stack(0x00000000179e0000,0x0000000017ae0000)]
  0x000000001623a800 JavaThread "C2 CompilerThread0" daemon [_thread_in_native, id=13248, stack(0x00000000178e0000,0x00000000179e0000)]
  0x000000001624b000 JavaThread "Attach Listener" daemon [_thread_blocked, id=13988, stack(0x00000000177e0000,0x00000000178e0000)]
  0x0000000016247800 JavaThread "Signal Dispatcher" daemon [_thread_blocked, id=9712, stack(0x00000000176e0000,0x00000000177e0000)]
  0x00000000029bb000 JavaThread "Finalizer" daemon [_thread_blocked, id=4760, stack(0x00000000174c0000,0x00000000175c0000)]
  0x00000000029b2000 JavaThread "Reference Handler" daemon [_thread_blocked, id=4616, stack(0x00000000173c0000,0x00000000174c0000)]

Other Threads:
  0x0000000016207000 VMThread [stack: 0x00000000172c0000,0x00000000173c0000] [id=17208]
  0x0000000017c2a800 WatcherThread [stack: 0x00000000180e0000,0x00000000181e0000] [id=9040]

VM state:not at safepoint (normal execution)

VM Mutex/Monitor currently owned by a thread: None

Heap:
 PSYoungGen      total 28672K, used 13065K [0x00000000e0980000, 0x00000000e2980000, 0x0000000100000000)
  eden space 24576K, 53% used [0x00000000e0980000,0x00000000e1642770,0x00000000e2180000)
  from space 4096K, 0% used [0x00000000e2580000,0x00000000e2580000,0x00000000e2980000)
  to   space 4096K, 0% used [0x00000000e2180000,0x00000000e2180000,0x00000000e2580000)
 ParOldGen       total 65536K, used 0K [0x00000000a1c00000, 0x00000000a5c00000, 0x00000000e0980000)
  object space 65536K, 0% used [0x00000000a1c00000,0x00000000a1c00000,0x00000000a5c00000)
 Metaspace       used 11894K, capacity 12174K, committed 12416K, reserved 1060864K
  class space    used 1497K, capacity 1579K, committed 1664K, reserved 1048576K

Card table byte_map: [0x0000000011d80000,0x0000000012080000] byte_map_base: 0x0000000011872000

Marking Bits: (ParMarkBitMap*) 0x0000000066642d00
 Begin Bits: [0x0000000012680000, 0x0000000013e10000)
 End Bits:   [0x0000000013e10000, 0x00000000155a0000)

Polling page: 0x0000000001020000

CodeCache: size=245760Kb used=2742Kb max_used=2742Kb free=243017Kb
 bounds [0x00000000029c0000, 0x0000000002c70000, 0x00000000119c0000]
 total_blobs=1230 nmethods=751 adapters=392
 compilation: enabled

Compilation events (10 events):
Event: 2.852 Thread 0x0000000016255000 nmethod 728 0x0000000002c5b690 code [0x0000000002c5b800, 0x0000000002c5bb90]
Event: 2.854 Thread 0x0000000016255000  729       1       java.awt.Component::getComponentOrientation (5 bytes)
Event: 2.854 Thread 0x0000000016255000 nmethod 729 0x0000000002c5f990 code [0x0000000002c5fae0, 0x0000000002c5fbf0]
Event: 2.855 Thread 0x0000000016255000  730       1       java.awt.Component::getX (5 bytes)
Event: 2.855 Thread 0x0000000016255000 nmethod 730 0x0000000002c5e250 code [0x0000000002c5e3a0, 0x0000000002c5e4b0]
Event: 2.855 Thread 0x0000000016255000  731       1       java.awt.Component::getY (5 bytes)
Event: 2.855 Thread 0x0000000016255000 nmethod 731 0x0000000002c5df90 code [0x0000000002c5e0e0, 0x0000000002c5e1f0]
Event: 2.857 Thread 0x0000000016255000  732       3       java.util.HashMap::remove (26 bytes)
Event: 2.858 Thread 0x0000000016255000 nmethod 732 0x0000000002c5d890 code [0x0000000002c5da20, 0x0000000002c5de38]
Event: 2.860 Thread 0x0000000016255000  733       3       java.awt.AWTKeyStroke::equals (64 bytes)

GC Heap History (0 events):
No events

Deoptimization events (5 events):
Event: 0.338 Thread 0x0000000017fc5800 Uncommon trap: reason=null_check action=make_not_entrant pc=0x0000000002b2ebe0 method=java.lang.String.equals(Ljava/lang/Object;)Z @ 8
Event: 2.740 Thread 0x0000000017fc5800 Uncommon trap: reason=unstable_if action=reinterpret pc=0x0000000002c0bb1c method=java.util.HashMap.getNode(ILjava/lang/Object;)Ljava/util/HashMap$Node; @ 62
Event: 2.825 Thread 0x0000000017fc5800 Uncommon trap: reason=unstable_if action=reinterpret pc=0x0000000002c2a7a8 method=java.lang.CharacterDataLatin1.isWhitespace(I)Z @ 14
Event: 2.851 Thread 0x0000000017fc5800 Uncommon trap: reason=class_check action=maybe_recompile pc=0x0000000002b49560 method=java.lang.String.equals(Ljava/lang/Object;)Z @ 8
Event: 2.851 Thread 0x0000000017fc5800 Uncommon trap: reason=class_check action=maybe_recompile pc=0x0000000002b49560 method=java.lang.String.equals(Ljava/lang/Object;)Z @ 8

Classes redefined (0 events):
No events

Internal exceptions (10 events):
Event: 0.050 Thread 0x00000000028c2800 Exception <a 'java/lang/NoSuchMethodError': Method sun.misc.Unsafe.prefetchRead(Ljava/lang/Object;J)V name or signature does not match> (0x00000000e0987f98) thrown at [C:\re\workspace\8-2-build-windows-amd64-cygwin\jdk8u181\11358\hotspot\src\share\vm\prim
Event: 0.168 Thread 0x00000000028c2800 Exception <a 'java/security/PrivilegedActionException'> (0x00000000e0a645a0) thrown at [C:\re\workspace\8-2-build-windows-amd64-cygwin\jdk8u181\11358\hotspot\src\share\vm\prims\jvm.cpp, line 1435]
Event: 0.168 Thread 0x00000000028c2800 Exception <a 'java/security/PrivilegedActionException'> (0x00000000e0a647b0) thrown at [C:\re\workspace\8-2-build-windows-amd64-cygwin\jdk8u181\11358\hotspot\src\share\vm\prims\jvm.cpp, line 1435]
Event: 0.169 Thread 0x00000000028c2800 Exception <a 'java/security/PrivilegedActionException'> (0x00000000e0a686c0) thrown at [C:\re\workspace\8-2-build-windows-amd64-cygwin\jdk8u181\11358\hotspot\src\share\vm\prims\jvm.cpp, line 1435]
Event: 0.169 Thread 0x00000000028c2800 Exception <a 'java/security/PrivilegedActionException'> (0x00000000e0a688d0) thrown at [C:\re\workspace\8-2-build-windows-amd64-cygwin\jdk8u181\11358\hotspot\src\share\vm\prims\jvm.cpp, line 1435]
Event: 0.177 Thread 0x00000000028c2800 Exception <a 'java/io/FileNotFoundException'> (0x00000000e0a6ef38) thrown at [C:\re\workspace\8-2-build-windows-amd64-cygwin\jdk8u181\11358\hotspot\src\share\vm\prims\jni.cpp, line 709]
Event: 0.224 Thread 0x00000000028c2800 Exception <a 'java/lang/NoSuchFieldError': method resolution failed> (0x00000000e0bba828) thrown at [C:\re\workspace\8-2-build-windows-amd64-cygwin\jdk8u181\11358\hotspot\src\share\vm\prims\methodHandles.cpp, line 1167]
Event: 0.226 Thread 0x00000000028c2800 Exception <a 'java/lang/NoSuchFieldError': method resolution failed> (0x00000000e0bc7bf8) thrown at [C:\re\workspace\8-2-build-windows-amd64-cygwin\jdk8u181\11358\hotspot\src\share\vm\prims\methodHandles.cpp, line 1167]
Event: 0.312 Thread 0x0000000017fc5800 Exception <a 'java/io/FileNotFoundException'> (0x00000000e0d0e4a0) thrown at [C:\re\workspace\8-2-build-windows-amd64-cygwin\jdk8u181\11358\hotspot\src\share\vm\prims\jni.cpp, line 709]
Event: 0.338 Thread 0x0000000017fc5800 Implicit null exception at 0x0000000002b2ea22 to 0x0000000002b2ebd1

Events (10 events):
Event: 2.850 loading class javax/swing/event/UndoableEditEvent
Event: 2.850 loading class javax/swing/event/UndoableEditEvent done
Event: 2.850 loading class javax/swing/event/UndoableEditListener
Event: 2.850 loading class javax/swing/event/UndoableEditListener done
Event: 2.851 Thread 0x0000000017fc5800 Uncommon trap: trap_request=0xffffffde fr.pc=0x0000000002b49560
Event: 2.851 Thread 0x0000000017fc5800 DEOPT PACKING pc=0x0000000002b49560 sp=0x000000001914ce40
Event: 2.851 Thread 0x0000000017fc5800 DEOPT UNPACKING pc=0x0000000002a0583b sp=0x000000001914cdd0 mode 2
Event: 2.851 Thread 0x0000000017fc5800 Uncommon trap: trap_request=0xffffffde fr.pc=0x0000000002b49560
Event: 2.851 Thread 0x0000000017fc5800 DEOPT PACKING pc=0x0000000002b49560 sp=0x000000001914ce40
Event: 2.851 Thread 0x0000000017fc5800 DEOPT UNPACKING pc=0x0000000002a0583b sp=0x000000001914cdd0 mode 2


Dynamic libraries:
0x00007ff615ae0000 - 0x00007ff615b17000 	C:\Program Files\Java\jdk1.8.0_181\bin\java.exe
0x00007ffd2fa00000 - 0x00007ffd2fbf0000 	C:\WINDOWS\SYSTEM32\ntdll.dll
0x00007ffd2dab0000 - 0x00007ffd2db62000 	C:\WINDOWS\System32\KERNEL32.DLL
0x00007ffd2d2a0000 - 0x00007ffd2d543000 	C:\WINDOWS\System32\KERNELBASE.dll
0x00007ffd2db70000 - 0x00007ffd2dc13000 	C:\WINDOWS\System32\ADVAPI32.dll
0x00007ffd2e8b0000 - 0x00007ffd2e94e000 	C:\WINDOWS\System32\msvcrt.dll
0x00007ffd2dc60000 - 0x00007ffd2dcf7000 	C:\WINDOWS\System32\sechost.dll
0x00007ffd2dea0000 - 0x00007ffd2dfc0000 	C:\WINDOWS\System32\RPCRT4.dll
0x00007ffd2dd00000 - 0x00007ffd2de94000 	C:\WINDOWS\System32\USER32.dll
0x00007ffd2d6f0000 - 0x00007ffd2d711000 	C:\WINDOWS\System32\win32u.dll
0x00007ffd2dfc0000 - 0x00007ffd2dfe6000 	C:\WINDOWS\System32\GDI32.dll
0x00007ffd2d770000 - 0x00007ffd2d904000 	C:\WINDOWS\System32\gdi32full.dll
0x00007ffd2d550000 - 0x00007ffd2d5ee000 	C:\WINDOWS\System32\msvcp_win.dll
0x00007ffd2d5f0000 - 0x00007ffd2d6ea000 	C:\WINDOWS\System32\ucrtbase.dll
0x00007ffd18ba0000 - 0x00007ffd18e25000 	C:\WINDOWS\WinSxS\amd64_microsoft.windows.common-controls_6595b64144ccf1df_6.0.18362.778_none_e6c6b761130d4fb8\COMCTL32.dll
0x00007ffd2f420000 - 0x00007ffd2f756000 	C:\WINDOWS\System32\combase.dll
0x00007ffd2c990000 - 0x00007ffd2ca10000 	C:\WINDOWS\System32\bcryptPrimitives.dll
0x00007ffd2dc20000 - 0x00007ffd2dc4e000 	C:\WINDOWS\System32\IMM32.DLL
0x0000000065d40000 - 0x0000000065e12000 	C:\Program Files\Java\jdk1.8.0_181\jre\bin\msvcr100.dll
0x0000000065e20000 - 0x00000000666c2000 	C:\Program Files\Java\jdk1.8.0_181\jre\bin\server\jvm.dll
0x00007ffd2ea00000 - 0x00007ffd2ea08000 	C:\WINDOWS\System32\PSAPI.DLL
0x00007ffd29110000 - 0x00007ffd29134000 	C:\WINDOWS\SYSTEM32\WINMM.dll
0x00007ffd23070000 - 0x00007ffd2307a000 	C:\WINDOWS\SYSTEM32\VERSION.dll
0x00007ffd25da0000 - 0x00007ffd25da9000 	C:\WINDOWS\SYSTEM32\WSOCK32.dll
0x00007ffd2ea10000 - 0x00007ffd2ea7f000 	C:\WINDOWS\System32\WS2_32.dll
0x00007ffd29000000 - 0x00007ffd2902d000 	C:\WINDOWS\SYSTEM32\WINMMBASE.dll
0x00007ffd2d720000 - 0x00007ffd2d76a000 	C:\WINDOWS\System32\cfgmgr32.dll
0x0000000067a90000 - 0x0000000067a9f000 	C:\Program Files\Java\jdk1.8.0_181\jre\bin\verify.dll
0x0000000065cd0000 - 0x0000000065cf9000 	C:\Program Files\Java\jdk1.8.0_181\jre\bin\java.dll
0x00000000679c0000 - 0x00000000679d6000 	C:\Program Files\Java\jdk1.8.0_181\jre\bin\zip.dll
0x00007ffd2e1c0000 - 0x00007ffd2e8a5000 	C:\WINDOWS\System32\SHELL32.dll
0x00007ffd2e950000 - 0x00007ffd2e9f9000 	C:\WINDOWS\System32\shcore.dll
0x00007ffd2cac0000 - 0x00007ffd2d240000 	C:\WINDOWS\System32\windows.storage.dll
0x00007ffd2c940000 - 0x00007ffd2c963000 	C:\WINDOWS\System32\profapi.dll
0x00007ffd2c8f0000 - 0x00007ffd2c93a000 	C:\WINDOWS\System32\powrprof.dll
0x00007ffd2c8c0000 - 0x00007ffd2c8d0000 	C:\WINDOWS\System32\UMPDC.dll
0x00007ffd2f760000 - 0x00007ffd2f7b2000 	C:\WINDOWS\System32\shlwapi.dll
0x00007ffd2c8d0000 - 0x00007ffd2c8e1000 	C:\WINDOWS\System32\kernel.appcore.dll
0x00007ffd2da90000 - 0x00007ffd2daa7000 	C:\WINDOWS\System32\cryptsp.dll
0x0000000065af0000 - 0x0000000065c89000 	C:\Program Files\Java\jdk1.8.0_181\jre\bin\awt.dll
0x00007ffd2f120000 - 0x00007ffd2f1e4000 	C:\WINDOWS\System32\OLEAUT32.dll
0x00007ffd2a610000 - 0x00007ffd2a69f000 	C:\WINDOWS\SYSTEM32\apphelp.dll
0x00007ffd2a7c0000 - 0x00007ffd2a859000 	C:\WINDOWS\system32\uxtheme.dll
0x00007ffd2eb70000 - 0x00007ffd2eca6000 	C:\WINDOWS\System32\MSCTF.dll
0x00007ffd2dff0000 - 0x00007ffd2e147000 	C:\WINDOWS\System32\ole32.dll
0x00007ffd2ab10000 - 0x00007ffd2ab3d000 	C:\WINDOWS\system32\DWMAPI.DLL
0x00007ffcf6b40000 - 0x00007ffcf6c96000 	C:\WINDOWS\system32\opengl32.dll
0x00007ffd037d0000 - 0x00007ffd037fc000 	C:\WINDOWS\SYSTEM32\GLU32.dll
0x00007ffd2b530000 - 0x00007ffd2b550000 	C:\WINDOWS\SYSTEM32\dxcore.dll
0x0000000065aa0000 - 0x0000000065ae7000 	C:\Program Files\Java\jdk1.8.0_181\jre\bin\fontmanager.dll
0x00007ffd2f820000 - 0x00007ffd2f8c2000 	C:\WINDOWS\System32\clbcatq.dll
0x00007ffd26ec0000 - 0x00007ffd2706f000 	C:\WINDOWS\SYSTEM32\WindowsCodecs.dll
0x00007ffcf7430000 - 0x00007ffcf746a000 	C:\WINDOWS\system32\dataexchange.dll
0x00007ffd29710000 - 0x00007ffd2996b000 	C:\WINDOWS\system32\d3d11.dll
0x00007ffd29dd0000 - 0x00007ffd29fac000 	C:\WINDOWS\system32\dcomp.dll
0x00007ffd2b5c0000 - 0x00007ffd2b6ab000 	C:\WINDOWS\system32\dxgi.dll
0x00007ffd2a8b0000 - 0x00007ffd2ab0a000 	C:\WINDOWS\system32\twinapi.appcore.dll
0x00007ffd2adc0000 - 0x00007ffd2ade9000 	C:\WINDOWS\system32\RMCLIENT.dll
0x0000000065cb0000 - 0x0000000065cca000 	C:\Program Files\Java\jdk1.8.0_181\jre\bin\net.dll
0x00007ffd2c130000 - 0x00007ffd2c197000 	C:\WINDOWS\system32\mswsock.dll
0x0000000065c90000 - 0x0000000065ca1000 	C:\Program Files\Java\jdk1.8.0_181\jre\bin\nio.dll
0x0000000065a50000 - 0x0000000065a92000 	C:\Program Files\Java\jdk1.8.0_181\jre\bin\t2k.dll
0x00007ffd1a4d0000 - 0x00007ffd1a56e000 	C:\WINDOWS\System32\TextInputFramework.dll
0x00007ffd2a320000 - 0x00007ffd2a3f4000 	C:\WINDOWS\System32\CoreMessaging.dll
0x00007ffd27070000 - 0x00007ffd2739a000 	C:\WINDOWS\System32\CoreUIComponents.dll
0x00007ffd2b920000 - 0x00007ffd2b951000 	C:\WINDOWS\SYSTEM32\ntmarta.dll
0x00007ffd28490000 - 0x00007ffd285e3000 	C:\WINDOWS\SYSTEM32\wintypes.dll
0x00007ffd18a90000 - 0x00007ffd18af5000 	C:\WINDOWS\system32\Oleacc.dll
0x00007ffd1ac90000 - 0x00007ffd1af36000 	C:\WINDOWS\System32\iertutil.dll

VM Arguments:
jvm_args: -Dfile.encoding=UTF-8 
java_command: programaredes.ProgramaRedes
java_class_path (initial): C:\Users\ACER81923\Documents\Java\programaRedes\build\classes
Launcher Type: SUN_STANDARD

Environment Variables:
JAVA_HOME=C:\Program Files\AdoptOpenJDK\jdk-8.0.252.09-hotspot\
PATH=C:\Program Files\AdoptOpenJDK\jdk-8.0.252.09-hotspot\bin;C:\Program Files (x86)\Common Files\Oracle\Java\javapath;C:\Program Files (x86)\Intel\iCLS Client\;C:\Program Files\Intel\iCLS Client\;C:\Windows\system32;C:\Windows;C:\Windows\System32\Wbem;C:\Windows\System32\WindowsPowerShell\v1.0\;C:\Program Files (x86)\Intel\Intel(R) Management Engine Components\DAL;C:\Program Files\Intel\Intel(R) Management Engine Components\DAL;C:\Program Files (x86)\Intel\Intel(R) Management Engine Components\IPT;C:\Program Files\Intel\Intel(R) Management Engine Components\IPT;C:\WINDOWS\system32;C:\WINDOWS;C:\WINDOWS\System32\Wbem;C:\WINDOWS\System32\WindowsPowerShell\v1.0\;C:\WINDOWS\System32\OpenSSH\;C:\WINDOWS\system32;C:\WINDOWS;C:\WINDOWS\System32\Wbem;C:\WINDOWS\System32\WindowsPowerShell\v1.0\;C:\WINDOWS\System32\OpenSSH\;C:\Program Files (x86)\Microchip\xc8\v2.10\bin;C:\Program Files\dotnet\;C:\Program Files\Microsoft SQL Server\130\Tools\Binn\;C:\Program Files\Microsoft SQL Server\Client SDK\ODBC\170\Tools\Binn\;C:\Program Files\Microsoft SQL Server\Client SDK\ODBC\130\Tools\Binn\;C:\Program Files (x86)\Microsoft SQL Server\140\Tools\Binn\;C:\Program Files\Microsoft SQL Server\140\Tools\Binn\;C:\Program Files\Microsoft SQL Server\140\DTS\Binn\;C:\Program Files (x86)\Microsoft SQL Server\150\DTS\Binn\;C:\Program Files\NVIDIA Corporation\NVIDIA NvDLISR;C:\Program Files (x86)\NVIDIA Corporation\PhysX\Common;C:\Users\ACER81923\AppData\Local\Programs\Python\Python38-32\Scripts\;C:\Users\ACER81923\AppData\Local\Programs\Python\Python38-32\;C:\Users\ACER81923\AppData\Local\Programs\Python\Python38\;C:\Program Files\Java\jdk1.8.0_181\bin;C:\Program Files\Java\jdk1.8.0_181;C:\cygwin\bin;C:\Users\ACER81923\AppData\Local\Microsoft\WindowsApps;%PyCharm Community Edition%;C:\Users\ACER81923\AppData\Local\Programs\Microsoft VS Code\bin;
USERNAME=ACER81923
OS=Windows_NT
PROCESSOR_IDENTIFIER=Intel64 Family 6 Model 78 Stepping 3, GenuineIntel



---------------  S Y S T E M  ---------------

OS: Windows 10.0 , 64 bit Build 18362 (10.0.18362.778)

CPU:total 4 (initial active 4) (2 cores per cpu, 2 threads per core) family 6 model 78 stepping 3, cmov, cx8, fxsr, mmx, sse, sse2, sse3, ssse3, sse4.1, sse4.2, popcnt, avx, avx2, aes, clmul, erms, 3dnowpref, lzcnt, ht, tsc, tscinvbit, bmi1, bmi2, adx

Memory: 4k page, physical 6172804k(654476k free), swap 9549956k(8k free)

vm_info: Java HotSpot(TM) 64-Bit Server VM (25.181-b13) for windows-amd64 JRE (1.8.0_181-b13), built on Jul  7 2018 04:01:33 by "java_re" with MS VC++ 10.0 (VS2010)

time: Sun May 03 19:26:05 2020
elapsed time: 3 seconds (0d 0h 0m 3s)

